# JRE version: Java(TM) SE Runtime Environment (8.0_66-b18) (build 1.8.0_66-b18)
# Java VM: Java HotSpot(TM) 64-Bit Server VM (25.66-b18 mixed mode windows-amd64 compressed oops)
Heap:
 PSYoungGen      total 14336K, used 3193K [0x00000000f0580000, 0x00000000f2280000, 0x0000000100000000)
  eden space 12288K, 9% used [0x00000000f0580000,0x00000000f069ec78,0x00000000f1180000)
  from space 2048K, 99% used [0x00000000f1180000,0x00000000f137f920,0x00000000f1380000)
  to   space 8704K, 0% used [0x00000000f1a00000,0x00000000f1a00000,0x00000000f2280000)
 ParOldGen       total 32768K, used 18551K [0x00000000d1000000, 0x00000000d3000000, 0x00000000f0580000)
  object space 32768K, 56% used [0x00000000d1000000,0x00000000d221de78,0x00000000d3000000)
 Metaspace       used 18679K, capacity 18888K, committed 19072K, reserved 1067008K
  class space    used 2246K, capacity 2326K, committed 2432K, reserved 1048576K
GC Heap History (10 events):
Event: 3.680 GC heap before
{Heap before GC invocations=1 (full 0):
 PSYoungGen      total 14336K, used 11745K [0x00000000f0580000, 0x00000000f1580000, 0x0000000100000000)
  eden space 12288K, 95% used [0x00000000f0580000,0x00000000f10f8750,0x00000000f1180000)
  from space 2048K, 0% used [0x00000000f1380000,0x00000000f1380000,0x00000000f1580000)
  to   space 2048K, 0% used [0x00000000f1180000,0x00000000f1180000,0x00000000f1380000)
 ParOldGen       total 32768K, used 0K [0x00000000d1000000, 0x00000000d3000000, 0x00000000f0580000)
  object space 32768K, 0% used [0x00000000d1000000,0x00000000d1000000,0x00000000d3000000)
 Metaspace       used 13581K, capacity 13742K, committed 14080K, reserved 1060864K
  class space    used 1640K, capacity 1701K, committed 1792K, reserved 1048576K
Event: 3.693 GC heap after
Heap after GC invocations=1 (full 0):
 PSYoungGen      total 14336K, used 2032K [0x00000000f0580000, 0x00000000f1580000, 0x0000000100000000)
  eden space 12288K, 0% used [0x00000000f0580000,0x00000000f0580000,0x00000000f1180000)
  from space 2048K, 99% used [0x00000000f1180000,0x00000000f137c030,0x00000000f1380000)
  to   space 2048K, 0% used [0x00000000f1380000,0x00000000f1380000,0x00000000f1580000)
 ParOldGen       total 32768K, used 1537K [0x00000000d1000000, 0x00000000d3000000, 0x00000000f0580000)
  object space 32768K, 4% used [0x00000000d1000000,0x00000000d1180788,0x00000000d3000000)
 Metaspace       used 13581K, capacity 13742K, committed 14080K, reserved 1060864K
  class space    used 1640K, capacity 1701K, committed 1792K, reserved 1048576K
}
Event: 35.207 GC heap before
{Heap before GC invocations=2 (full 0):
 PSYoungGen      total 14336K, used 14320K [0x00000000f0580000, 0x00000000f1580000, 0x0000000100000000)
  eden space 12288K, 100% used [0x00000000f0580000,0x00000000f1180000,0x00000000f1180000)
  from space 2048K, 99% used [0x00000000f1180000,0x00000000f137c030,0x00000000f1380000)
  to   space 2048K, 0% used [0x00000000f1380000,0x00000000f1380000,0x00000000f1580000)
 ParOldGen       total 32768K, used 1537K [0x00000000d1000000, 0x00000000d3000000, 0x00000000f0580000)
  object space 32768K, 4% used [0x00000000d1000000,0x00000000d1180788,0x00000000d3000000)
 Metaspace       used 15465K, capacity 15642K, committed 15872K, reserved 1062912K
  class space    used 1859K, capacity 1927K, committed 2048K, reserved 1048576K
Event: 35.221 GC heap after
Heap after GC invocations=2 (full 0):
 PSYoungGen      total 14336K, used 2016K [0x00000000f0580000, 0x00000000f1580000, 0x0000000100000000)
  eden space 12288K, 0% used [0x00000000f0580000,0x00000000f0580000,0x00000000f1180000)
  from space 2048K, 98% used [0x00000000f1380000,0x00000000f1578060,0x00000000f1580000)
  to   space 2048K, 0% used [0x00000000f1180000,0x00000000f1180000,0x00000000f1380000)
 ParOldGen       total 32768K, used 5452K [0x00000000d1000000, 0x00000000d3000000, 0x00000000f0580000)
  object space 32768K, 16% used [0x00000000d1000000,0x00000000d15533d8,0x00000000d3000000)
 Metaspace       used 15465K, capacity 15642K, committed 15872K, reserved 1062912K
  class space    used 1859K, capacity 1927K, committed 2048K, reserved 1048576K
}
Event: 165.992 GC heap before
{Heap before GC invocations=3 (full 0):
 PSYoungGen      total 14336K, used 14304K [0x00000000f0580000, 0x00000000f1580000, 0x0000000100000000)
  eden space 12288K, 100% used [0x00000000f0580000,0x00000000f1180000,0x00000000f1180000)
  from space 2048K, 98% used [0x00000000f1380000,0x00000000f1578060,0x00000000f1580000)
  to   space 2048K, 0% used [0x00000000f1180000,0x00000000f1180000,0x00000000f1380000)
 ParOldGen       total 32768K, used 5452K [0x00000000d1000000, 0x00000000d3000000, 0x00000000f0580000)
  object space 32768K, 16% used [0x00000000d1000000,0x00000000d15533d8,0x00000000d3000000)
 Metaspace       used 17494K, capacity 17690K, committed 17920K, reserved 1064960K
  class space    used 2142K, capacity 2227K, committed 2304K, reserved 1048576K
Event: 166.008 GC heap after
Heap after GC invocations=3 (full 0):
 PSYoungGen      total 14336K, used 2032K [0x00000000f0580000, 0x00000000f1580000, 0x0000000100000000)
  eden space 12288K, 0% used [0x00000000f0580000,0x00000000f0580000,0x00000000f1180000)
  from space 2048K, 99% used [0x00000000f1180000,0x00000000f137c038,0x00000000f1380000)
  to   space 2048K, 0% used [0x00000000f1380000,0x00000000f1380000,0x00000000f1580000)
 ParOldGen       total 32768K, used 9214K [0x00000000d1000000, 0x00000000d3000000, 0x00000000f0580000)
  object space 32768K, 28% used [0x00000000d1000000,0x00000000d18ffbd0,0x00000000d3000000)
 Metaspace       used 17494K, capacity 17690K, committed 17920K, reserved 1064960K
  class space    used 2142K, capacity 2227K, committed 2304K, reserved 1048576K
}
Event: 187.267 GC heap before
{Heap before GC invocations=4 (full 0):
 PSYoungGen      total 14336K, used 12097K [0x00000000f0580000, 0x00000000f1580000, 0x0000000100000000)
  eden space 12288K, 81% used [0x00000000f0580000,0x00000000f0f54748,0x00000000f1180000)
  from space 2048K, 99% used [0x00000000f1180000,0x00000000f137c038,0x00000000f1380000)
  to   space 2048K, 0% used [0x00000000f1380000,0x00000000f1380000,0x00000000f1580000)
 ParOldGen       total 32768K, used 9214K [0x00000000d1000000, 0x00000000d3000000, 0x00000000f0580000)
  object space 32768K, 28% used [0x00000000d1000000,0x00000000d18ffbd0,0x00000000d3000000)
 Metaspace       used 18377K, capacity 18560K, committed 18816K, reserved 1064960K
  class space    used 2240K, capacity 2326K, committed 2432K, reserved 1048576K
Event: 187.280 GC heap after
Heap after GC invocations=4 (full 0):
 PSYoungGen      total 14336K, used 2028K [0x00000000f0580000, 0x00000000f1580000, 0x0000000100000000)
  eden space 12288K, 0% used [0x00000000f0580000,0x00000000f0580000,0x00000000f1180000)
  from space 2048K, 99% used [0x00000000f1380000,0x00000000f157b310,0x00000000f1580000)
  to   space 2048K, 0% used [0x00000000f1180000,0x00000000f1180000,0x00000000f1380000)
 ParOldGen       total 32768K, used 13477K [0x00000000d1000000, 0x00000000d3000000, 0x00000000f0580000)
  object space 32768K, 41% used [0x00000000d1000000,0x00000000d1d29708,0x00000000d3000000)
 Metaspace       used 18377K, capacity 18560K, committed 18816K, reserved 1064960K
  class space    used 2240K, capacity 2326K, committed 2432K, reserved 1048576K
}
Event: 206.364 GC heap before
{Heap before GC invocations=5 (full 0):
 PSYoungGen      total 14336K, used 14316K [0x00000000f0580000, 0x00000000f1580000, 0x0000000100000000)
  eden space 12288K, 100% used [0x00000000f0580000,0x00000000f1180000,0x00000000f1180000)
  from space 2048K, 99% used [0x00000000f1380000,0x00000000f157b310,0x00000000f1580000)
  to   space 2048K, 0% used [0x00000000f1180000,0x00000000f1180000,0x00000000f1380000)
 ParOldGen       total 32768K, used 13477K [0x00000000d1000000, 0x00000000d3000000, 0x00000000f0580000)
  object space 32768K, 41% used [0x00000000d1000000,0x00000000d1d29708,0x00000000d3000000)
 Metaspace       used 18667K, capacity 18888K, committed 19072K, reserved 1067008K
  class space    used 2246K, capacity 2326K, committed 2432K, reserved 1048576K
Event: 206.376 GC heap after
Heap after GC invocations=5 (full 0):
 PSYoungGen      total 14336K, used 2046K [0x00000000f0580000, 0x00000000f2280000, 0x0000000100000000)
  eden space 12288K, 0% used [0x00000000f0580000,0x00000000f0580000,0x00000000f1180000)
  from space 2048K, 99% used [0x00000000f1180000,0x00000000f137f920,0x00000000f1380000)
  to   space 8704K, 0% used [0x00000000f1a00000,0x00000000f1a00000,0x00000000f2280000)
 ParOldGen       total 32768K, used 18551K [0x00000000d1000000, 0x00000000d3000000, 0x00000000f0580000)
  object space 32768K, 56% used [0x00000000d1000000,0x00000000d221de78,0x00000000d3000000)
 Metaspace       used 18667K, capacity 18888K, committed 19072K, reserved 1067008K
  class space    used 2246K, capacity 2326K, committed 2432K, reserved 1048576K
}

