# JRE version: Java(TM) SE Runtime Environment (8.0_66-b18) (build 1.8.0_66-b18)
# Java VM: Java HotSpot(TM) 64-Bit Server VM (25.66-b18 mixed mode windows-amd64 compressed oops)
Heap:
 PSYoungGen      total 14336K, used 6614K [0x00000000f0580000, 0x00000000f1580000, 0x0000000100000000)
  eden space 12288K, 37% used [0x00000000f0580000,0x00000000f09fd7f8,0x00000000f1180000)
  from space 2048K, 98% used [0x00000000f1380000,0x00000000f1578060,0x00000000f1580000)
  to   space 2048K, 0% used [0x00000000f1180000,0x00000000f1180000,0x00000000f1380000)
 ParOldGen       total 32768K, used 15395K [0x00000000d1000000, 0x00000000d3000000, 0x00000000f0580000)
  object space 32768K, 46% used [0x00000000d1000000,0x00000000d1f08f20,0x00000000d3000000)
 Metaspace       used 18804K, capacity 19054K, committed 19328K, reserved 1067008K
  class space    used 2236K, capacity 2333K, committed 2432K, reserved 1048576K
GC Heap History (8 events):
Event: 5.201 GC heap before
{Heap before GC invocations=1 (full 0):
 PSYoungGen      total 14336K, used 11606K [0x00000000f0580000, 0x00000000f1580000, 0x0000000100000000)
  eden space 12288K, 94% used [0x00000000f0580000,0x00000000f10d5a38,0x00000000f1180000)
  from space 2048K, 0% used [0x00000000f1380000,0x00000000f1380000,0x00000000f1580000)
  to   space 2048K, 0% used [0x00000000f1180000,0x00000000f1180000,0x00000000f1380000)
 ParOldGen       total 32768K, used 0K [0x00000000d1000000, 0x00000000d3000000, 0x00000000f0580000)
  object space 32768K, 0% used [0x00000000d1000000,0x00000000d1000000,0x00000000d3000000)
 Metaspace       used 13554K, capacity 13726K, committed 13824K, reserved 1060864K
  class space    used 1617K, capacity 1699K, committed 1792K, reserved 1048576K
Event: 5.214 GC heap after
Heap after GC invocations=1 (full 0):
 PSYoungGen      total 14336K, used 2032K [0x00000000f0580000, 0x00000000f1580000, 0x0000000100000000)
  eden space 12288K, 0% used [0x00000000f0580000,0x00000000f0580000,0x00000000f1180000)
  from space 2048K, 99% used [0x00000000f1180000,0x00000000f137c030,0x00000000f1380000)
  to   space 2048K, 0% used [0x00000000f1380000,0x00000000f1380000,0x00000000f1580000)
 ParOldGen       total 32768K, used 1523K [0x00000000d1000000, 0x00000000d3000000, 0x00000000f0580000)
  object space 32768K, 4% used [0x00000000d1000000,0x00000000d117cf98,0x00000000d3000000)
 Metaspace       used 13554K, capacity 13726K, committed 13824K, reserved 1060864K
  class space    used 1617K, capacity 1699K, committed 1792K, reserved 1048576K
}
Event: 14.962 GC heap before
{Heap before GC invocations=2 (full 0):
 PSYoungGen      total 14336K, used 14320K [0x00000000f0580000, 0x00000000f1580000, 0x0000000100000000)
  eden space 12288K, 100% used [0x00000000f0580000,0x00000000f1180000,0x00000000f1180000)
  from space 2048K, 99% used [0x00000000f1180000,0x00000000f137c030,0x00000000f1380000)
  to   space 2048K, 0% used [0x00000000f1380000,0x00000000f1380000,0x00000000f1580000)
 ParOldGen       total 32768K, used 1523K [0x00000000d1000000, 0x00000000d3000000, 0x00000000f0580000)
  object space 32768K, 4% used [0x00000000d1000000,0x00000000d117cf98,0x00000000d3000000)
 Metaspace       used 17122K, capacity 17360K, committed 17664K, reserved 1064960K
  class space    used 2133K, capacity 2226K, committed 2304K, reserved 1048576K
Event: 14.977 GC heap after
Heap after GC invocations=2 (full 0):
 PSYoungGen      total 14336K, used 2032K [0x00000000f0580000, 0x00000000f1580000, 0x0000000100000000)
  eden space 12288K, 0% used [0x00000000f0580000,0x00000000f0580000,0x00000000f1180000)
  from space 2048K, 99% used [0x00000000f1380000,0x00000000f157c030,0x00000000f1580000)
  to   space 2048K, 0% used [0x00000000f1180000,0x00000000f1180000,0x00000000f1380000)
 ParOldGen       total 32768K, used 6964K [0x00000000d1000000, 0x00000000d3000000, 0x00000000f0580000)
  object space 32768K, 21% used [0x00000000d1000000,0x00000000d16cd0e0,0x00000000d3000000)
 Metaspace       used 17122K, capacity 17360K, committed 17664K, reserved 1064960K
  class space    used 2133K, capacity 2226K, committed 2304K, reserved 1048576K
}
Event: 22.816 GC heap before
{Heap before GC invocations=3 (full 0):
 PSYoungGen      total 14336K, used 14320K [0x00000000f0580000, 0x00000000f1580000, 0x0000000100000000)
  eden space 12288K, 100% used [0x00000000f0580000,0x00000000f1180000,0x00000000f1180000)
  from space 2048K, 99% used [0x00000000f1380000,0x00000000f157c030,0x00000000f1580000)
  to   space 2048K, 0% used [0x00000000f1180000,0x00000000f1180000,0x00000000f1380000)
 ParOldGen       total 32768K, used 6964K [0x00000000d1000000, 0x00000000d3000000, 0x00000000f0580000)
  object space 32768K, 21% used [0x00000000d1000000,0x00000000d16cd0e0,0x00000000d3000000)
 Metaspace       used 18366K, capacity 18574K, committed 18816K, reserved 1064960K
  class space    used 2233K, capacity 2329K, committed 2432K, reserved 1048576K
Event: 22.833 GC heap after
Heap after GC invocations=3 (full 0):
 PSYoungGen      total 14336K, used 2032K [0x00000000f0580000, 0x00000000f1580000, 0x0000000100000000)
  eden space 12288K, 0% used [0x00000000f0580000,0x00000000f0580000,0x00000000f1180000)
  from space 2048K, 99% used [0x00000000f1180000,0x00000000f137c030,0x00000000f1380000)
  to   space 2048K, 0% used [0x00000000f1380000,0x00000000f1380000,0x00000000f1580000)
 ParOldGen       total 32768K, used 11955K [0x00000000d1000000, 0x00000000d3000000, 0x00000000f0580000)
  object space 32768K, 36% used [0x00000000d1000000,0x00000000d1bacf40,0x00000000d3000000)
 Metaspace       used 18366K, capacity 18574K, committed 18816K, reserved 1064960K
  class space    used 2233K, capacity 2329K, committed 2432K, reserved 1048576K
}
Event: 45.372 GC heap before
{Heap before GC invocations=4 (full 0):
 PSYoungGen      total 14336K, used 14320K [0x00000000f0580000, 0x00000000f1580000, 0x0000000100000000)
  eden space 12288K, 100% used [0x00000000f0580000,0x00000000f1180000,0x00000000f1180000)
  from space 2048K, 99% used [0x00000000f1180000,0x00000000f137c030,0x00000000f1380000)
  to   space 2048K, 0% used [0x00000000f1380000,0x00000000f1380000,0x00000000f1580000)
 ParOldGen       total 32768K, used 11955K [0x00000000d1000000, 0x00000000d3000000, 0x00000000f0580000)
  object space 32768K, 36% used [0x00000000d1000000,0x00000000d1bacf40,0x00000000d3000000)
 Metaspace       used 18712K, capacity 18990K, committed 19328K, reserved 1067008K
  class space    used 2236K, capacity 2333K, committed 2432K, reserved 1048576K
Event: 45.407 GC heap after
Heap after GC invocations=4 (full 0):
 PSYoungGen      total 14336K, used 2016K [0x00000000f0580000, 0x00000000f1580000, 0x0000000100000000)
  eden space 12288K, 0% used [0x00000000f0580000,0x00000000f0580000,0x00000000f1180000)
  from space 2048K, 98% used [0x00000000f1380000,0x00000000f1578060,0x00000000f1580000)
  to   space 2048K, 0% used [0x00000000f1180000,0x00000000f1180000,0x00000000f1380000)
 ParOldGen       total 32768K, used 15395K [0x00000000d1000000, 0x00000000d3000000, 0x00000000f0580000)
  object space 32768K, 46% used [0x00000000d1000000,0x00000000d1f08f20,0x00000000d3000000)
 Metaspace       used 18712K, capacity 18990K, committed 19328K, reserved 1067008K
  class space    used 2236K, capacity 2333K, committed 2432K, reserved 1048576K
}

